info: 2022-09-30 15:06:49:649: GET /api/movies 304 2049.970 ms - - -
info: 2022-09-30 15:07:03:73: DELETE /api/movie/21 200 8.012 ms - 45 {}
info: 2022-09-30 15:07:04:74: GET /api/movies 200 11.546 ms - 894 {}
info: 2022-09-30 15:07:10:710: GET /api/movie/24 200 9.094 ms - 937 {}
info: 2022-09-30 15:11:18:1118: GET /api/movies 304 1028.921 ms - - -
info: 2022-09-30 15:11:31:1131: GET /api/movie/22 200 12.391 ms - 937 {}
info: 2022-09-30 15:14:06:146: GET /api/movies 304 1065.709 ms - - -
info: 2022-09-30 15:14:11:1411: GET /api/movie/22 304 10.782 ms - - -
info: 2022-09-30 15:14:38:1438: PUT /api/movie/22 200 7.241 ms - 47 {"name":"edh","rating":"5","time":"7"}
info: 2022-09-30 15:14:45:1445: GET /api/movies 200 1035.110 ms - 893 {}
info: 2022-09-30 15:15:26:1526: DELETE /api/movie/24 200 4.247 ms - 45 {}
info: 2022-09-30 15:15:26:1526: GET /api/movies 200 11.341 ms - 845 {}
info: 2022-09-30 15:15:32:1532: DELETE /api/movie/25 200 1.704 ms - 45 {}
info: 2022-09-30 15:15:33:1533: GET /api/movies 200 10.380 ms - 797 {}
info: 2022-09-30 15:15:49:1549: POST /api/movie 201 5.111 ms - 47 {"name":"rer","rating":"4","time":"2"}
info: 2022-09-30 15:15:52:1552: GET /api/movies 200 13.977 ms - 844 {}
info: 2022-09-30 15:21:50:2150: POST /api/movie 201 3.563 ms - 47 {"name":"","rating":"","time":""}
info: 2022-09-30 15:23:00:230: POST /api/movie 201 16.069 ms - 47 {"name":"","rating":"","time":""}
info: 2022-09-30 15:26:14:2614: POST /api/movie 201 18.517 ms - 47 {"name":"","rating":"","time":""}
info: 2022-09-30 15:27:32:2732: POST /api/movie 201 18.035 ms - 47 {"name":"","rating":"","time":""}
info: 2022-09-30 15:28:55:2855: POST /api/movie 201 19.430 ms - 47 {"name":"","rating":"","time":""}
info: 2022-09-30 15:32:42:3242: POST /api/movie 400 18.756 ms - 55 -
info: 2022-09-30 15:33:22:3322: POST /api/movie 400 37.080 ms - 55 -
info: 2022-09-30 15:37:59:3759: GET /api/movies 304 1109.796 ms - - -
info: 2022-09-30 15:38:03:383: POST /api/movie 200 9.073 ms - 887 {"name":"","rating":"","time":""}
info: 2022-09-30 15:38:23:3823: GET /api/movies 304 329.207 ms - - -
info: 2022-09-30 15:43:52:4352: GET /api/movies 304 1130.058 ms - - -
info: 2022-09-30 15:44:09:449: POST /api/movie 200 9.883 ms - 887 {"name":"","rating":"","time":""}
info: 2022-09-30 17:17:17:1717: POST /api/movie - - ms - - {"name":" ","time":" ","rating":""}
info: 2022-09-30 17:18:42:1842: POST /api/movie - - ms - - {"name":"4","rating":"4","time":"4"}
info: 2022-09-30 17:19:19:1919: GET /api/movies 200 446.696 ms - 1028 {}
info: 2022-09-30 17:31:55:3155: POST /api/movie 201 3548.019 ms - 91 {"name":"1 ","time":"23 ","rating":"3"}
info: 2022-09-30 17:32:25:3225: POST /api/movie 500 780.939 ms - 998 -
info: 2022-09-30 17:32:59:3259: POST /api/movie 500 331.505 ms - 998 -
info: 2022-09-30 17:33:23:3323: GET /api/movies 200 544.543 ms - 1076 {}
info: 2022-09-30 17:33:53:3353: POST /api/movie 500 304.601 ms - 1001 -
info: 2022-09-30 17:35:23:3523: POST /api/movie 500 2348.527 ms - 55 -
info: 2022-09-30 17:35:53:3553: GET /api/movies 304 374.301 ms - - -
info: 2022-09-30 17:58:26:5826: GET /api/movies 304 6949.125 ms - - -
info: 2022-09-30 17:59:03:593: POST /api/movie 201 2157.648 ms - 88 {"name":"hnn","rating":"5","time":"5"}
info: 2022-09-30 17:59:16:5916: POST /api/movie 400 1800.323 ms - 47 -
info: 2022-09-30 17:59:50:5950: GET /api/movies 200 1090.587 ms - 1123 {}
info: 2022-10-03 09:57:55:5755: GET /api/movies 200 6045.113 ms - 1073 {}
info: 2022-10-03 10:01:24:124: GET /api/movie/20 200 10.742 ms - 1111 {}
info: 2022-10-03 10:06:40:640: PUT /api/movie/20 200 86.962 ms - 42 {}
info: 2022-10-03 10:06:58:658: GET /api/movie/20 200 2.603 ms - 42 {}
info: 2022-10-03 10:07:08:78: GET /api/movie/20 200 4.307 ms - 42 {}
info: 2022-10-03 10:07:25:725: GET /api/movie/20 200 1.990 ms - 42 {}
info: 2022-10-03 10:13:58:1358: GET /api/movie/26 200 1633.969 ms - 42 {}
info: 2022-10-03 10:14:32:1432: GET /api/movies 304 605.501 ms - - -
info: 2022-10-03 10:14:47:1447: GET /api/movie/1 200 386.327 ms - 87 {}
info: 2022-10-03 10:17:41:1741: GET /api/movies 200 1352.785 ms - 1111 {}
info: 2022-10-03 10:20:28:2028: POST /api/movie 400 14.964 ms - 53 -
info: 2022-10-03 10:20:41:2041: POST /api/movie 400 4.095 ms - 53 -
info: 2022-10-03 10:43:13:4313: GET /api/movies 404 30.018 ms - 149 -
info: 2022-10-03 10:44:58:4458: GET /api/movies 404 16.988 ms - 149 -
info: 2022-10-03 10:48:01:481: GET /api/movies 404 24.693 ms - 149 -
info: 2022-10-03 10:48:17:4817: GET /api/movies 404 5.181 ms - 149 -
info: 2022-10-03 10:52:30:5230: GET /api/movies 404 23.907 ms - 149 -
info: 2022-10-03 10:54:52:5452: GET /api/movies 404 19.457 ms - 149 -
info: 2022-10-03 10:56:57:5657: GET /api/movies 404 16.926 ms - 149 -
info: 2022-10-03 11:03:03:33: GET /api/movies 404 23.296 ms - 149 -
info: 2022-10-03 11:13:15:1315: GET /api/movies 404 40.098 ms - 149 -
info: 2022-10-03 11:18:57:1857: GET /api/movie 400 1207.562 ms - 31 -
info: 2022-10-03 11:19:15:1915: GET /api/movie/1 400 527.993 ms - 336 -
info: 2022-10-03 11:22:28:2228: GET /api/movie/1 400 1782.795 ms - 336 -
info: 2022-10-03 11:22:37:2237: GET /api/movie 400 540.318 ms - 31 -
info: 2022-10-03 11:25:50:2550: GET /api/movie 200 2380.977 ms - 1111 {}
info: 2022-10-03 11:28:59:2859: GET /api/movie 200 1245.473 ms - 1111 {}
info: 2022-10-03 11:42:17:4217: POST /api/movie 201 1339.767 ms - 52 {}
info: 2022-10-03 11:42:25:4225: POST /api/movie 201 154.356 ms - 52 {}
info: 2022-10-03 11:43:57:4357: POST /api/movie 201 1590.088 ms - 52 {}
info: 2022-10-03 11:45:33:4533: POST /api/movie 201 2266.058 ms - 52 {}
info: 2022-10-03 11:46:13:4613: POST /api/movie 201 1892.045 ms - 52 {}
info: 2022-10-03 11:49:14:4914: POST /api/movie 201 2018.799 ms - 52 {}
info: 2022-10-03 11:50:04:504: POST /api/movie 201 531.271 ms - 52 {}
info: 2022-10-03 11:51:24:5124: POST /api/movie 400 15.730 ms - 53 -
info: 2022-10-03 11:52:24:5224: GET /api/movies 404 6.631 ms - 149 -
info: 2022-10-03 11:53:44:5344: GET /api/movies 404 5.426 ms - 149 -
info: 2022-10-03 11:54:03:543: GET /api/movies 404 1.509 ms - 149 -
info: 2022-10-03 11:55:21:5521: GET /api/movie 404 14.059 ms - 148 -
info: 2022-10-03 11:55:30:5530: GET /api/movies 200 2196.626 ms - 1447 {}
info: 2022-10-03 11:56:33:5633: GET /api/movies 200 421.009 ms - 1447 {}
info: 2022-10-03 11:56:40:5640: GET /api/movies 304 15.276 ms - - -
info: 2022-10-03 11:58:21:5821: GET /api/movies 200 831.210 ms - 1447 {}
info: 2022-10-03 12:00:39:039: GET /api/movies 304 656.718 ms - - -
info: 2022-10-03 12:01:09:19: GET /api/movies 200 370.580 ms - 1447 {}
info: 2022-10-03 12:02:09:29: GET /api/movie 404 70.549 ms - 148 -
info: 2022-10-03 12:03:12:312: GET /api/movie 200 3488.344 ms - 1447 {}
info: 2022-10-03 12:04:32:432: GET /api/movie 400 1687.839 ms - 31 -
info: 2022-10-03 12:12:54:1254: POST /api/movie 201 3411.788 ms - 91 {"name":"rterte","rating":"3","time":"4"}
info: 2022-10-03 12:13:01:131: GET /api/movies 200 173.911 ms - 1497 {}
info: 2022-10-03 12:18:24:1824: GET /api/movies 400 3966.334 ms - 32 -
info: 2022-10-03 12:25:26:2526: GET /api/movies 400 7209.231 ms - 32 -
